  Floor.cpp
C:\Users\USER\Documents\GitHub\TerribleHack\TerribleElevator\TerribleElevator\Floor.cpp(10,16): error C2065: 'floorNum': undeclared identifier
C:\Users\USER\Documents\GitHub\TerribleHack\TerribleElevator\TerribleElevator\Floor.cpp(10,9): error C7550: 'People::{ctor}': the qualified name in this context names a constructor, not a type
C:\Users\USER\Documents\GitHub\TerribleHack\TerribleElevator\TerribleElevator\Floor.cpp(10,26): error C2448: 'People::{ctor}': function-style initializer appears to be a function definition
C:\Users\USER\Documents\GitHub\TerribleHack\TerribleElevator\TerribleElevator\Floor.cpp(10,26): error C2059: syntax error: ':'
C:\Users\USER\Documents\GitHub\TerribleHack\TerribleElevator\TerribleElevator\Floor.cpp(10,39): error C4430: missing type specifier - int assumed. Note: C++ does not support default-int
C:\Users\USER\Documents\GitHub\TerribleHack\TerribleElevator\TerribleElevator\Floor.cpp(10,50): error C4430: missing type specifier - int assumed. Note: C++ does not support default-int
C:\Users\USER\Documents\GitHub\TerribleHack\TerribleElevator\TerribleElevator\Floor.cpp(10,63): error C4430: missing type specifier - int assumed. Note: C++ does not support default-int
C:\Users\USER\Documents\GitHub\TerribleHack\TerribleElevator\TerribleElevator\Floor.cpp(10,73): error C4430: missing type specifier - int assumed. Note: C++ does not support default-int
C:\Users\USER\Documents\GitHub\TerribleHack\TerribleElevator\TerribleElevator\Floor.cpp(10,85): error C4430: missing type specifier - int assumed. Note: C++ does not support default-int
C:\Users\USER\Documents\GitHub\TerribleHack\TerribleElevator\TerribleElevator\Floor.cpp(10,87): error C2448: 'numDown': function-style initializer appears to be a function definition
C:\Users\USER\Documents\GitHub\TerribleHack\TerribleElevator\TerribleElevator\Floor.cpp(15,12): error C2027: use of undefined type 'Floor'
C:\Users\USER\Documents\GitHub\TerribleHack\TerribleElevator\TerribleElevator\People.hpp(28): message : see declaration of 'Floor'
C:\Users\USER\Documents\GitHub\TerribleHack\TerribleElevator\TerribleElevator\Floor.cpp(19,12): error C2027: use of undefined type 'Floor'
C:\Users\USER\Documents\GitHub\TerribleHack\TerribleElevator\TerribleElevator\People.hpp(28): message : see declaration of 'Floor'
C:\Users\USER\Documents\GitHub\TerribleHack\TerribleElevator\TerribleElevator\Floor.cpp(23,30): error C2065: 'totalPeople': undeclared identifier
C:\Users\USER\Documents\GitHub\TerribleHack\TerribleElevator\TerribleElevator\Floor.cpp(25,13): error C2027: use of undefined type 'Floor'
C:\Users\USER\Documents\GitHub\TerribleHack\TerribleElevator\TerribleElevator\People.hpp(28): message : see declaration of 'Floor'
C:\Users\USER\Documents\GitHub\TerribleHack\TerribleElevator\TerribleElevator\Floor.cpp(26,32): error C3867: 'People::get_direction': non-standard syntax; use '&' to create a pointer to member
C:\Users\USER\Documents\GitHub\TerribleHack\TerribleElevator\TerribleElevator\Floor.cpp(26,32): error C2296: '<': illegal, left operand has type 'int (__cdecl People::* )(void)'
C:\Users\USER\Documents\GitHub\TerribleHack\TerribleElevator\TerribleElevator\Floor.cpp(26,32): error C2297: '<': illegal, right operand has type 'int (__cdecl People::* )(void)'
C:\Users\USER\Documents\GitHub\TerribleHack\TerribleElevator\TerribleElevator\Floor.cpp(26,34): error C2065: 'numPeopleDown': undeclared identifier
C:\Users\USER\Documents\GitHub\TerribleHack\TerribleElevator\TerribleElevator\Floor.cpp(27,10): error C2065: 'numPeopleUp': undeclared identifier
C:\Users\USER\Documents\GitHub\TerribleHack\TerribleElevator\TerribleElevator\Floor.cpp(30,13): error C2027: use of undefined type 'Floor'
C:\Users\USER\Documents\GitHub\TerribleHack\TerribleElevator\TerribleElevator\People.hpp(28): message : see declaration of 'Floor'
C:\Users\USER\Documents\GitHub\TerribleHack\TerribleElevator\TerribleElevator\Floor.cpp(33,9): error C2065: 'numPeopleUp': undeclared identifier
C:\Users\USER\Documents\GitHub\TerribleHack\TerribleElevator\TerribleElevator\Floor.cpp(37,9): error C2065: 'numPeopleDown': undeclared identifier
  Graphics.cpp
C:\Users\USER\Documents\GitHub\TerribleHack\TerribleElevator\TerribleElevator\Graphics.cpp(63,16): error C2039: 'DrawTextW': is not a member of 'Graphics'
C:\Users\USER\Documents\GitHub\TerribleHack\TerribleElevator\TerribleElevator\Graphics.h(9): message : see declaration of 'Graphics'
C:\Users\USER\Documents\GitHub\TerribleHack\TerribleElevator\TerribleElevator\Graphics.cpp(64,2): error C2065: 'brush': undeclared identifier
  main.cpp
  People.cpp
C:\Users\USER\Documents\GitHub\TerribleHack\TerribleElevator\TerribleElevator\People.cpp(26,33): error C2065: 'curFloor': undeclared identifier
  TerribleElevator.cpp
c1xx : fatal error C1083: Cannot open source file: 'TerribleElevator.cpp': No such file or directory
  Generating Code...
C:\Users\USER\Documents\GitHub\TerribleHack\TerribleElevator\TerribleElevator\main.cpp(117): warning C4715: 'WindowProc': not all control paths return a value
